[13-22-46-597] [1] <HoopBaseLink> HoopBaseLink ()
[13-22-46-617] [2] <HoopEnvironment> HoopEnvironment ()
[13-22-46-617] [3] <HoopVFSL> HoopVFSL ()
[13-22-46-617] [4] <HoopFileTools> HoopFileTools ()
[13-22-46-617] [5] <HoopFileManager> HoopFileManager ()
[13-22-46-617] [6] <HoopLangLink> HoopLangLink ()
[13-22-46-627] [7] <HoopLingModel> HoopLingModel ()
[13-22-46-627] [8] <HoopEngPronounModel> HoopEngPronounModel ()
[13-22-46-627] [9] <HoopResourceLoader> HoopResourceLoader ()
[13-22-46-627] [10] <HoopResourceLoader> getTextResource2 ()
[13-22-46-627] [11] <HoopResourceLoader> Error: unable to open EngPronouns.csv
[13-22-46-627] [12] <HoopLink> HoopLink ()
[13-22-46-627] [13] <HoopStatistics> HoopStatistics ()
Exception in thread "main" java.lang.NoClassDefFoundError: org/jdom/Content
	at edu.cmu.cs.in.base.HoopLink.<init>(HoopLink.java:390)
	at HoopHadoopBroker.main(HoopHadoopBroker.java:237)
Caused by: java.lang.ClassNotFoundException: org.jdom.Content
	at java.net.URLClassLoader$1.run(Unknown Source)
	at java.net.URLClassLoader$1.run(Unknown Source)
	at java.security.AccessController.doPrivileged(Native Method)
	at java.net.URLClassLoader.findClass(Unknown Source)
	at java.lang.ClassLoader.loadClass(Unknown Source)
	at sun.misc.Launcher$AppClassLoader.loadClass(Unknown Source)
	at java.lang.ClassLoader.loadClass(Unknown Source)
	... 2 more
